d:\ryan lewin\uni\graphics 1\tinyray2\tinyray\tinyray\x64\release\vc140.pdb
d:\ryan lewin\uni\graphics 1\tinyray2\tinyray\tinyray\x64\release\vector3.obj
d:\ryan lewin\uni\graphics 1\tinyray2\tinyray\tinyray\x64\release\triangle.obj
d:\ryan lewin\uni\graphics 1\tinyray2\tinyray\tinyray\x64\release\tinyraymain.obj
d:\ryan lewin\uni\graphics 1\tinyray2\tinyray\tinyray\x64\release\sphere.obj
d:\ryan lewin\uni\graphics 1\tinyray2\tinyray\tinyray\x64\release\scene.obj
d:\ryan lewin\uni\graphics 1\tinyray2\tinyray\tinyray\x64\release\raytracer.obj
d:\ryan lewin\uni\graphics 1\tinyray2\tinyray\tinyray\x64\release\ray.obj
d:\ryan lewin\uni\graphics 1\tinyray2\tinyray\tinyray\x64\release\plane.obj
d:\ryan lewin\uni\graphics 1\tinyray2\tinyray\tinyray\x64\release\appwindow.obj
d:\ryan lewin\uni\graphics 1\tinyray2\tinyray\tinyray\x64\release\testapplication.obj
d:\ryan lewin\uni\graphics 1\tinyray2\tinyray\tinyray\x64\release\material.obj
d:\ryan lewin\uni\graphics 1\tinyray2\tinyray\tinyray\x64\release\light.obj
d:\ryan lewin\uni\graphics 1\tinyray2\tinyray\tinyray\x64\release\framebuffer.obj
d:\ryan lewin\uni\graphics 1\tinyray2\tinyray\tinyray\x64\release\camera.obj
d:\ryan lewin\uni\graphics 1\tinyray2\tinyray\tinyray\x64\release\box.obj
d:\ryan lewin\uni\graphics 1\tinyray2\tinyray\x64\release\tinyray.exe
d:\ryan lewin\uni\graphics 1\tinyray2\tinyray\x64\release\tinyray.ipdb
d:\ryan lewin\uni\graphics 1\tinyray2\tinyray\x64\release\tinyray.iobj
d:\ryan lewin\uni\graphics 1\tinyray2\tinyray\x64\release\tinyray.pdb
d:\ryan lewin\uni\graphics 1\tinyray2\tinyray\tinyray\x64\release\tinyray.res
d:\ryan lewin\uni\graphics 1\tinyray2\tinyray\tinyray\x64\release\tinyray.tlog\cl.command.1.tlog
d:\ryan lewin\uni\graphics 1\tinyray2\tinyray\tinyray\x64\release\tinyray.tlog\cl.read.1.tlog
d:\ryan lewin\uni\graphics 1\tinyray2\tinyray\tinyray\x64\release\tinyray.tlog\cl.write.1.tlog
d:\ryan lewin\uni\graphics 1\tinyray2\tinyray\tinyray\x64\release\tinyray.tlog\link.command.1.tlog
d:\ryan lewin\uni\graphics 1\tinyray2\tinyray\tinyray\x64\release\tinyray.tlog\link.read.1.tlog
d:\ryan lewin\uni\graphics 1\tinyray2\tinyray\tinyray\x64\release\tinyray.tlog\link.write.1.tlog
d:\ryan lewin\uni\graphics 1\tinyray2\tinyray\tinyray\x64\release\tinyray.tlog\rc.command.1.tlog
d:\ryan lewin\uni\graphics 1\tinyray2\tinyray\tinyray\x64\release\tinyray.tlog\rc.read.1.tlog
d:\ryan lewin\uni\graphics 1\tinyray2\tinyray\tinyray\x64\release\tinyray.tlog\rc.write.1.tlog
